2026-03-12 17:39:10,345 - __main__ - INFO - Configuration loaded from config/config.yaml
2026-03-12 17:39:10,345 - __main__ - INFO - Hyperlapse Fire Mapping System initialized
2026-03-12 17:39:10,346 - __main__ - INFO - Analyzing hyperlapse folder: examples/sample_hyperlapse
2026-03-12 17:39:10,346 - __main__ - INFO - Extracting telemetry from images...
2026-03-12 17:39:10,395 - src.visualization.telemetry - INFO - PIL/Pillow available for EXIF extraction
2026-03-12 17:39:10,397 - src.visualization.telemetry - INFO - Loaded 40 images from examples\sample_hyperlapse
2026-03-12 17:39:10,397 - src.visualization.telemetry - INFO - Extracting telemetry from 40 images...
2026-03-12 17:39:10,479 - src.visualization.telemetry - INFO - Extracted telemetry from 40 images
2026-03-12 17:39:10,479 - __main__ - INFO - Successfully extracted telemetry from 40 images
2026-03-12 17:39:10,479 - __main__ - INFO - Flight bounds: N=46.814797, S=46.813897, E=-71.207847, W=-71.207997
2026-03-12 17:39:10,480 - __main__ - INFO - Altitude range: 47.7m - 51.2m
2026-03-12 17:39:10,480 - __main__ - INFO - Generating trajectory maps...
2026-03-12 17:39:10,542 - src.visualization.viewer - INFO - Trajectory map saved to data/outputs/trajectory_map.html
2026-03-12 17:39:13,305 - src.visualization.viewer - INFO - Altitude profile saved to data/outputs/altitude_profile.png
2026-03-12 17:39:13,309 - __main__ - INFO - Report saved to data\outputs\flight_report.txt
2026-03-12 17:47:09,271 - __main__ - INFO - Configuration loaded from config/config.yaml
2026-03-12 17:47:09,271 - __main__ - INFO - Hyperlapse Fire Mapping System initialized
2026-03-12 17:47:09,271 - __main__ - INFO - Analyzing hyperlapse folder: examples/sample_hyperlapse
2026-03-12 17:47:09,272 - __main__ - INFO - Extracting telemetry from images...
2026-03-12 17:47:09,316 - src.visualization.telemetry - INFO - PIL/Pillow available for EXIF extraction
2026-03-12 17:47:09,317 - src.visualization.telemetry - INFO - Loaded 40 images from examples\sample_hyperlapse
2026-03-12 17:47:09,317 - src.visualization.telemetry - INFO - Extracting telemetry from 40 images...
2026-03-12 17:47:09,386 - src.visualization.telemetry - INFO - Extracted telemetry from 40 images
2026-03-12 17:47:09,387 - __main__ - INFO - Successfully extracted telemetry from 40 images
2026-03-12 17:47:09,387 - __main__ - INFO - Flight bounds: N=46.814797, S=46.813897, E=-71.207847, W=-71.207997
2026-03-12 17:47:09,387 - __main__ - INFO - Altitude range: 47.7m - 51.2m
2026-03-12 17:47:09,389 - __main__ - INFO - Generating trajectory maps...
2026-03-12 17:47:09,454 - src.visualization.viewer - INFO - Trajectory map saved to data/outputs/trajectory_map.html
2026-03-12 17:47:10,576 - src.visualization.viewer - INFO - Altitude profile saved to data/outputs/altitude_profile.png
2026-03-12 17:47:10,577 - __main__ - INFO - Generating interactive video viewer...
2026-03-12 17:47:43,878 - __main__ - INFO - Configuration loaded from config/config.yaml
2026-03-12 17:47:43,878 - __main__ - INFO - Hyperlapse Fire Mapping System initialized
2026-03-12 17:47:43,879 - __main__ - INFO - Analyzing hyperlapse folder: examples/sample_hyperlapse
2026-03-12 17:47:43,879 - __main__ - INFO - Extracting telemetry from images...
2026-03-12 17:47:43,922 - src.visualization.telemetry - INFO - PIL/Pillow available for EXIF extraction
2026-03-12 17:47:43,923 - src.visualization.telemetry - INFO - Loaded 40 images from examples\sample_hyperlapse
2026-03-12 17:47:43,924 - src.visualization.telemetry - INFO - Extracting telemetry from 40 images...
2026-03-12 17:47:43,995 - src.visualization.telemetry - INFO - Extracted telemetry from 40 images
2026-03-12 17:47:43,995 - __main__ - INFO - Successfully extracted telemetry from 40 images
2026-03-12 17:47:43,996 - __main__ - INFO - Flight bounds: N=46.814797, S=46.813897, E=-71.207847, W=-71.207997
2026-03-12 17:47:43,996 - __main__ - INFO - Altitude range: 47.7m - 51.2m
2026-03-12 17:47:43,997 - __main__ - INFO - Generating trajectory maps...
2026-03-12 17:47:44,068 - src.visualization.viewer - INFO - Trajectory map saved to data/outputs/trajectory_map.html
2026-03-12 17:47:45,592 - src.visualization.viewer - INFO - Altitude profile saved to data/outputs/altitude_profile.png
2026-03-12 17:47:45,592 - __main__ - INFO - Generating interactive video viewer...
2026-03-12 17:48:21,319 - __main__ - INFO - Configuration loaded from config/config.yaml
2026-03-12 17:48:21,320 - __main__ - INFO - Hyperlapse Fire Mapping System initialized
2026-03-12 17:48:21,321 - __main__ - INFO - Analyzing hyperlapse folder: examples/sample_hyperlapse
2026-03-12 17:48:21,321 - __main__ - INFO - Extracting telemetry from images...
2026-03-12 17:48:21,375 - src.visualization.telemetry - INFO - PIL/Pillow available for EXIF extraction
2026-03-12 17:48:21,378 - src.visualization.telemetry - INFO - Loaded 40 images from examples\sample_hyperlapse
2026-03-12 17:48:21,378 - src.visualization.telemetry - INFO - Extracting telemetry from 40 images...
2026-03-12 17:48:21,456 - src.visualization.telemetry - INFO - Extracted telemetry from 40 images
2026-03-12 17:48:21,457 - __main__ - INFO - Successfully extracted telemetry from 40 images
2026-03-12 17:48:21,457 - __main__ - INFO - Flight bounds: N=46.814797, S=46.813897, E=-71.207847, W=-71.207997
2026-03-12 17:48:21,457 - __main__ - INFO - Altitude range: 47.7m - 51.2m
2026-03-12 17:48:21,458 - __main__ - INFO - Generating trajectory maps...
2026-03-12 17:48:21,551 - src.visualization.viewer - INFO - Trajectory map saved to data/outputs/trajectory_map.html
2026-03-12 17:48:22,842 - src.visualization.viewer - INFO - Altitude profile saved to data/outputs/altitude_profile.png
2026-03-12 17:48:22,843 - __main__ - INFO - Generating interactive video viewer...
2026-03-12 17:48:22,847 - src.visualization.viewer - INFO - Interactive video viewer saved to data/outputs/hyperlapse_viewer.html
2026-03-12 17:48:22,850 - __main__ - INFO - Report saved to data\outputs\flight_report.txt
2026-03-12 17:56:01,294 - __main__ - INFO - Configuration loaded from config/config.yaml
2026-03-12 17:56:01,295 - __main__ - INFO - Hyperlapse Fire Mapping System initialized
2026-03-12 17:56:01,295 - __main__ - INFO - Analyzing hyperlapse folder: examples/sample_hyperlapse
2026-03-12 17:56:01,296 - __main__ - INFO - Extracting telemetry from images...
2026-03-12 17:56:01,324 - src.visualization.telemetry - INFO - PIL/Pillow available for EXIF extraction
2026-03-12 17:56:01,326 - src.visualization.telemetry - INFO - Loaded 40 images from examples\sample_hyperlapse
2026-03-12 17:56:01,326 - src.visualization.telemetry - INFO - Extracting telemetry from 40 images...
2026-03-12 17:56:01,372 - src.visualization.telemetry - INFO - Extracted telemetry from 40 images
2026-03-12 17:56:01,373 - __main__ - INFO - Successfully extracted telemetry from 40 images
2026-03-12 17:56:01,373 - __main__ - INFO - Flight bounds: N=46.814797, S=46.813897, E=-71.207847, W=-71.207997
2026-03-12 17:56:01,373 - __main__ - INFO - Altitude range: 47.7m - 51.2m
2026-03-12 17:56:01,374 - __main__ - INFO - Generating trajectory maps...
2026-03-12 17:56:01,445 - src.visualization.viewer - INFO - Trajectory map saved to data/outputs/trajectory_map.html
2026-03-12 17:56:02,436 - src.visualization.viewer - INFO - Altitude profile saved to data/outputs/altitude_profile.png
2026-03-12 17:56:02,437 - __main__ - INFO - Generating interactive video viewer...
2026-03-12 17:56:02,446 - src.visualization.viewer - INFO - Interactive video viewer saved to data/outputs/hyperlapse_viewer.html
2026-03-12 17:56:02,449 - __main__ - INFO - Report saved to data\outputs\flight_report.txt
2026-03-12 17:59:10,927 - __main__ - INFO - Configuration loaded from config/config.yaml
2026-03-12 17:59:10,928 - __main__ - INFO - Hyperlapse Fire Mapping System initialized
2026-03-12 17:59:10,928 - __main__ - INFO - Analyzing hyperlapse folder: examples/sample_hyperlapse
2026-03-12 17:59:10,929 - __main__ - INFO - Extracting telemetry from images...
2026-03-12 17:59:10,956 - src.visualization.telemetry - INFO - PIL/Pillow available for EXIF extraction
2026-03-12 17:59:10,957 - src.visualization.telemetry - INFO - Loaded 40 images from examples\sample_hyperlapse
2026-03-12 17:59:10,958 - src.visualization.telemetry - INFO - Extracting telemetry from 40 images...
2026-03-12 17:59:11,001 - src.visualization.telemetry - INFO - Extracted telemetry from 40 images
2026-03-12 17:59:11,001 - __main__ - INFO - Successfully extracted telemetry from 40 images
2026-03-12 17:59:11,002 - __main__ - INFO - Flight bounds: N=46.814797, S=46.813897, E=-71.207847, W=-71.207997
2026-03-12 17:59:11,002 - __main__ - INFO - Altitude range: 47.7m - 51.2m
2026-03-12 17:59:11,003 - __main__ - INFO - Generating trajectory maps...
2026-03-12 17:59:11,071 - src.visualization.viewer - INFO - Trajectory map saved to data/outputs/trajectory_map.html
2026-03-12 18:03:11,827 - __main__ - INFO - Configuration loaded from config/config.yaml
2026-03-12 18:03:11,828 - __main__ - INFO - Hyperlapse Fire Mapping System initialized
2026-03-12 18:03:11,828 - __main__ - INFO - Analyzing hyperlapse folder: data/sample_hyperlapse
2026-03-12 18:03:11,828 - __main__ - ERROR - Folder not found: data/sample_hyperlapse
2026-03-12 18:04:40,045 - __main__ - INFO - Configuration loaded from config/config.yaml
2026-03-12 18:04:40,046 - __main__ - INFO - Hyperlapse Fire Mapping System initialized
2026-03-12 18:04:40,046 - __main__ - INFO - Analyzing hyperlapse folder: data/raw
2026-03-12 18:04:40,047 - __main__ - INFO - Extracting telemetry from images...
2026-03-12 18:04:40,078 - src.visualization.telemetry - INFO - PIL/Pillow available for EXIF extraction
2026-03-12 18:04:40,079 - src.visualization.telemetry - INFO - Loaded 0 images from data\raw
2026-03-12 18:04:40,080 - src.visualization.telemetry - INFO - Extracting telemetry from 0 images...
2026-03-12 18:04:40,080 - src.visualization.telemetry - INFO - Extracted telemetry from 0 images
2026-03-12 18:04:40,080 - __main__ - ERROR - No telemetry data extracted
2026-03-12 18:05:08,136 - __main__ - INFO - Configuration loaded from config/config.yaml
2026-03-12 18:05:08,137 - __main__ - INFO - Hyperlapse Fire Mapping System initialized
2026-03-12 18:05:08,137 - __main__ - INFO - Analyzing hyperlapse folder: examples/sample_hyperlapse
2026-03-12 18:05:08,137 - __main__ - INFO - Extracting telemetry from images...
2026-03-12 18:05:08,171 - src.visualization.telemetry - INFO - PIL/Pillow available for EXIF extraction
2026-03-12 18:05:08,173 - src.visualization.telemetry - INFO - Loaded 40 images from examples\sample_hyperlapse
2026-03-12 18:05:08,173 - src.visualization.telemetry - INFO - Extracting telemetry from 40 images...
2026-03-12 18:05:08,218 - src.visualization.telemetry - INFO - Extracted telemetry from 40 images
2026-03-12 18:05:08,219 - __main__ - INFO - Successfully extracted telemetry from 40 images
2026-03-12 18:05:08,219 - __main__ - INFO - Flight bounds: N=46.814797, S=46.813897, E=-71.207847, W=-71.207997
2026-03-12 18:05:08,219 - __main__ - INFO - Altitude range: 48.3m - 52.4m
2026-03-12 18:05:08,219 - __main__ - INFO - Generating trajectory maps...
2026-03-12 18:05:08,281 - src.visualization.viewer - INFO - Trajectory map saved to data/outputs/trajectory_map.html
2026-03-12 18:05:09,248 - src.visualization.viewer - INFO - Altitude profile saved to data/outputs/altitude_profile.png
2026-03-12 18:05:09,248 - __main__ - INFO - Generating interactive video viewer...
2026-03-12 18:05:09,251 - src.visualization.viewer - INFO - Interactive video viewer saved to data/outputs/hyperlapse_viewer.html
2026-03-12 18:05:09,253 - __main__ - INFO - Report saved to data\outputs\flight_report.txt
2026-03-12 18:06:04,833 - __main__ - INFO - Configuration loaded from config/config.yaml
2026-03-12 18:06:04,834 - __main__ - INFO - Hyperlapse Fire Mapping System initialized
2026-03-12 18:06:04,834 - __main__ - INFO - Analyzing hyperlapse folder: examples/sample_hyperlapse
2026-03-12 18:06:04,835 - __main__ - INFO - Extracting telemetry from images...
2026-03-12 18:06:04,864 - src.visualization.telemetry - INFO - PIL/Pillow available for EXIF extraction
2026-03-12 18:06:04,866 - src.visualization.telemetry - INFO - Loaded 40 images from examples\sample_hyperlapse
2026-03-12 18:06:04,867 - src.visualization.telemetry - INFO - Extracting telemetry from 40 images...
2026-03-12 18:06:04,914 - src.visualization.telemetry - INFO - Extracted telemetry from 40 images
2026-03-12 18:06:04,915 - __main__ - INFO - Successfully extracted telemetry from 40 images
2026-03-12 18:06:04,915 - __main__ - INFO - Flight bounds: N=46.814797, S=46.813897, E=-71.207847, W=-71.207997
2026-03-12 18:06:04,915 - __main__ - INFO - Altitude range: 48.3m - 52.4m
2026-03-12 18:06:04,916 - __main__ - INFO - Generating trajectory maps...
2026-03-12 18:06:04,980 - src.visualization.viewer - INFO - Trajectory map saved to data/outputs/trajectory_map.html
2026-03-12 18:06:05,850 - src.visualization.viewer - INFO - Altitude profile saved to data/outputs/altitude_profile.png
2026-03-12 18:06:05,851 - __main__ - INFO - Generating interactive video viewer...
2026-03-12 18:06:05,854 - src.visualization.viewer - INFO - Interactive video viewer saved to data/outputs/hyperlapse_viewer.html
2026-03-12 18:06:05,857 - __main__ - INFO - Report saved to data\outputs\flight_report.txt
2026-03-12 18:07:07,101 - __main__ - INFO - Configuration loaded from config/config.yaml
2026-03-12 18:07:07,101 - __main__ - INFO - Hyperlapse Fire Mapping System initialized
2026-03-12 18:07:07,101 - __main__ - INFO - Analyzing hyperlapse folder: examples/sample_hyperlapse
2026-03-12 18:07:07,102 - __main__ - INFO - Extracting telemetry from images...
2026-03-12 18:07:07,102 - src.visualization.telemetry - INFO - PIL/Pillow available for EXIF extraction
2026-03-12 18:07:07,103 - src.visualization.telemetry - INFO - Loaded 40 images from examples\sample_hyperlapse
2026-03-12 18:07:07,104 - src.visualization.telemetry - INFO - Extracting telemetry from 40 images...
2026-03-12 18:07:07,143 - src.visualization.telemetry - INFO - Extracted telemetry from 40 images
2026-03-12 18:07:07,144 - __main__ - INFO - Successfully extracted telemetry from 40 images
2026-03-12 18:07:07,144 - __main__ - INFO - Flight bounds: N=46.814797, S=46.813897, E=-71.207847, W=-71.207997
2026-03-12 18:07:07,145 - __main__ - INFO - Altitude range: 48.3m - 52.4m
2026-03-12 18:07:07,145 - __main__ - INFO - Generating trajectory maps...
2026-03-12 18:07:07,232 - src.visualization.viewer - INFO - Trajectory map saved to data/outputs/trajectory_map.html
2026-03-12 18:07:07,668 - src.visualization.viewer - INFO - Altitude profile saved to data/outputs/altitude_profile.png
2026-03-12 18:07:07,669 - __main__ - INFO - Generating interactive video viewer...
2026-03-12 18:07:07,674 - src.visualization.viewer - INFO - Interactive video viewer saved to data/outputs/hyperlapse_viewer.html
2026-03-12 18:07:07,676 - __main__ - INFO - Report saved to data\outputs\flight_report.txt
2026-03-12 18:12:36,095 - __main__ - INFO - Configuration loaded from config/config.yaml
2026-03-12 18:12:36,095 - __main__ - INFO - Hyperlapse Fire Mapping System initialized
2026-03-12 18:12:36,095 - __main__ - INFO - Analyzing hyperlapse folder: path/to/hyperlapse
2026-03-12 18:12:36,096 - __main__ - ERROR - Folder not found: path/to/hyperlapse
2026-03-12 18:12:46,947 - __main__ - INFO - Configuration loaded from config/config.yaml
2026-03-12 18:12:46,948 - __main__ - INFO - Hyperlapse Fire Mapping System initialized
2026-03-12 18:12:46,948 - __main__ - INFO - Analyzing hyperlapse folder: path/to/hyperlapse
2026-03-12 18:12:46,948 - __main__ - ERROR - Folder not found: path/to/hyperlapse
2026-03-12 18:14:47,007 - __main__ - INFO - Configuration loaded from config/config.yaml
2026-03-12 18:14:47,008 - __main__ - INFO - Hyperlapse Fire Mapping System initialized
2026-03-12 18:14:47,008 - __main__ - INFO - Analyzing hyperlapse folder: examples/sample_hyperlapse
2026-03-12 18:14:47,009 - __main__ - INFO - Extracting telemetry from images...
2026-03-12 18:14:47,009 - src.visualization.telemetry - INFO - PIL/Pillow available for EXIF extraction
2026-03-12 18:14:47,010 - src.visualization.telemetry - INFO - Loaded 40 images from examples\sample_hyperlapse
2026-03-12 18:14:47,010 - src.visualization.telemetry - INFO - Extracting telemetry from 40 images...
2026-03-12 18:14:47,047 - src.visualization.telemetry - INFO - Extracted telemetry from 40 images
2026-03-12 18:14:47,048 - __main__ - INFO - Successfully extracted telemetry from 40 images
2026-03-12 18:14:47,048 - __main__ - INFO - Flight bounds: N=46.814797, S=46.813897, E=-71.207847, W=-71.207997
2026-03-12 18:14:47,049 - __main__ - INFO - Altitude range: 48.3m - 52.4m
2026-03-12 18:14:47,049 - __main__ - INFO - Generating trajectory maps...
2026-03-12 18:14:47,136 - src.visualization.viewer - INFO - Trajectory map saved to data/outputs/trajectory_map.html
2026-03-12 18:14:47,624 - src.visualization.viewer - INFO - Altitude profile saved to data/outputs/altitude_profile.png
2026-03-12 18:14:47,624 - __main__ - INFO - Generating interactive video viewer...
2026-03-12 18:14:47,629 - src.visualization.viewer - INFO - Interactive video viewer saved to data/outputs/hyperlapse_viewer.html
2026-03-12 18:14:47,878 - __main__ - INFO - Opened interactive viewer in browser: data/outputs/hyperlapse_viewer.html
2026-03-12 18:14:47,880 - __main__ - INFO - Report saved to data\outputs\flight_report.txt
2026-03-12 18:15:48,479 - __main__ - INFO - Configuration loaded from config/config.yaml
2026-03-12 18:15:48,480 - __main__ - INFO - Hyperlapse Fire Mapping System initialized
2026-03-12 18:15:48,481 - __main__ - INFO - Analyzing hyperlapse folder: examples/sample_hyperlapse
2026-03-12 18:15:48,481 - __main__ - INFO - Extracting telemetry from images...
2026-03-12 18:15:48,481 - src.visualization.telemetry - INFO - PIL/Pillow available for EXIF extraction
2026-03-12 18:15:48,482 - src.visualization.telemetry - INFO - Loaded 40 images from examples\sample_hyperlapse
2026-03-12 18:15:48,482 - src.visualization.telemetry - INFO - Extracting telemetry from 40 images...
2026-03-12 18:15:48,543 - src.visualization.telemetry - INFO - Extracted telemetry from 40 images
2026-03-12 18:15:48,544 - __main__ - INFO - Successfully extracted telemetry from 40 images
2026-03-12 18:15:48,544 - __main__ - INFO - Flight bounds: N=46.814797, S=46.813897, E=-71.207847, W=-71.207997
2026-03-12 18:15:48,544 - __main__ - INFO - Altitude range: 48.3m - 52.4m
2026-03-12 18:15:48,545 - __main__ - INFO - Generating trajectory maps...
2026-03-12 18:15:48,619 - src.visualization.viewer - INFO - Trajectory map saved to data/outputs/trajectory_map.html
2026-03-12 18:15:49,127 - src.visualization.viewer - INFO - Altitude profile saved to data/outputs/altitude_profile.png
2026-03-12 18:15:49,128 - __main__ - INFO - Generating interactive video viewer...
2026-03-12 18:15:49,130 - src.visualization.viewer - INFO - Interactive video viewer saved to data/outputs/hyperlapse_viewer.html
2026-03-12 18:15:49,368 - __main__ - INFO - Opened interactive viewer in browser: data/outputs/hyperlapse_viewer.html
2026-03-12 18:15:49,370 - __main__ - INFO - Report saved to data\outputs\flight_report.txt
2026-03-12 18:17:42,681 - __main__ - INFO - Configuration loaded from config/config.yaml
2026-03-12 18:17:42,681 - __main__ - INFO - Hyperlapse Fire Mapping System initialized
2026-03-12 18:17:42,682 - __main__ - INFO - Analyzing hyperlapse folder: examples/sample_hyperlapse
2026-03-12 18:17:42,682 - __main__ - INFO - Extracting telemetry from images...
2026-03-12 18:17:42,682 - src.visualization.telemetry - INFO - PIL/Pillow available for EXIF extraction
2026-03-12 18:17:42,684 - src.visualization.telemetry - INFO - Loaded 40 images from examples\sample_hyperlapse
2026-03-12 18:17:42,684 - src.visualization.telemetry - INFO - Extracting telemetry from 40 images...
2026-03-12 18:17:42,743 - src.visualization.telemetry - INFO - Extracted telemetry from 40 images
2026-03-12 18:17:42,744 - __main__ - INFO - Successfully extracted telemetry from 40 images
2026-03-12 18:17:42,744 - __main__ - INFO - Flight bounds: N=46.814797, S=46.813897, E=-71.207847, W=-71.207997
2026-03-12 18:17:42,744 - __main__ - INFO - Altitude range: 48.3m - 52.4m
2026-03-12 18:17:42,745 - __main__ - INFO - Generating trajectory maps...
2026-03-12 18:17:42,815 - src.visualization.viewer - INFO - Trajectory map saved to data/outputs/trajectory_map.html
2026-03-12 18:17:43,387 - src.visualization.viewer - INFO - Altitude profile saved to data/outputs/altitude_profile.png
2026-03-12 18:17:43,388 - __main__ - INFO - Generating interactive video viewer...
2026-03-12 18:17:43,392 - src.visualization.viewer - INFO - Interactive video viewer saved to data/outputs/hyperlapse_viewer.html
2026-03-12 18:17:43,640 - __main__ - INFO - Opened interactive viewer in browser: data/outputs/hyperlapse_viewer.html
2026-03-12 18:17:43,643 - __main__ - INFO - Report saved to data\outputs\flight_report.txt
2026-03-12 18:19:44,553 - __main__ - INFO - Configuration loaded from config/config.yaml
2026-03-12 18:19:44,554 - __main__ - INFO - Hyperlapse Fire Mapping System initialized
2026-03-12 18:19:44,555 - __main__ - INFO - Analyzing hyperlapse folder: examples/sample_hyperlapse
2026-03-12 18:19:44,555 - __main__ - INFO - Extracting telemetry from images...
2026-03-12 18:19:44,555 - src.visualization.telemetry - INFO - PIL/Pillow available for EXIF extraction
2026-03-12 18:19:44,556 - src.visualization.telemetry - INFO - Loaded 40 images from examples\sample_hyperlapse
2026-03-12 18:19:44,557 - src.visualization.telemetry - INFO - Extracting telemetry from 40 images...
2026-03-12 18:19:44,614 - src.visualization.telemetry - INFO - Extracted telemetry from 40 images
2026-03-12 18:19:44,615 - __main__ - INFO - Successfully extracted telemetry from 40 images
2026-03-12 18:19:44,615 - __main__ - INFO - Flight bounds: N=46.814797, S=46.813897, E=-71.207847, W=-71.207997
2026-03-12 18:19:44,615 - __main__ - INFO - Altitude range: 48.3m - 52.4m
2026-03-12 18:19:44,616 - __main__ - INFO - Generating trajectory maps...
2026-03-12 18:19:44,692 - src.visualization.viewer - INFO - Trajectory map saved to data/outputs/trajectory_map.html
2026-03-12 18:19:45,273 - src.visualization.viewer - INFO - Altitude profile saved to data/outputs/altitude_profile.png
2026-03-12 18:19:45,273 - __main__ - INFO - Generating interactive video viewer...
2026-03-12 18:19:45,278 - src.visualization.viewer - INFO - Interactive video viewer saved to data/outputs/hyperlapse_viewer.html
2026-03-12 18:19:45,507 - __main__ - INFO - Opened interactive viewer in browser: data/outputs/hyperlapse_viewer.html
2026-03-12 18:19:45,510 - __main__ - INFO - Report saved to data\outputs\flight_report.txt
2026-03-12 18:21:59,035 - __main__ - INFO - Configuration loaded from config/config.yaml
2026-03-12 18:21:59,036 - __main__ - INFO - Hyperlapse Fire Mapping System initialized
2026-03-12 18:21:59,036 - __main__ - INFO - Analyzing hyperlapse folder: examples/sample_hyperlapse
2026-03-12 18:21:59,036 - __main__ - INFO - Extracting telemetry from images...
2026-03-12 18:21:59,037 - src.visualization.telemetry - INFO - PIL/Pillow available for EXIF extraction
2026-03-12 18:21:59,038 - src.visualization.telemetry - INFO - Loaded 40 images from examples\sample_hyperlapse
2026-03-12 18:21:59,038 - src.visualization.telemetry - INFO - Extracting telemetry from 40 images...
2026-03-12 18:21:59,080 - src.visualization.telemetry - INFO - Extracted telemetry from 40 images
2026-03-12 18:21:59,080 - __main__ - INFO - Successfully extracted telemetry from 40 images
2026-03-12 18:21:59,081 - __main__ - INFO - Flight bounds: N=46.814797, S=46.813897, E=-71.207847, W=-71.207997
2026-03-12 18:21:59,081 - __main__ - INFO - Altitude range: 48.3m - 52.4m
2026-03-12 18:21:59,082 - __main__ - INFO - Generating trajectory maps...
2026-03-12 18:21:59,162 - src.visualization.viewer - INFO - Trajectory map saved to data/outputs/trajectory_map.html
2026-03-12 18:21:59,594 - src.visualization.viewer - INFO - Altitude profile saved to data/outputs/altitude_profile.png
2026-03-12 18:21:59,594 - __main__ - INFO - Generating interactive video viewer...
2026-03-12 18:21:59,597 - src.visualization.viewer - INFO - Interactive video viewer saved to data/outputs/hyperlapse_viewer.html
2026-03-12 18:21:59,730 - __main__ - INFO - Opened interactive viewer in browser: data/outputs/hyperlapse_viewer.html
2026-03-12 18:21:59,733 - __main__ - INFO - Report saved to data\outputs\flight_report.txt
2026-03-12 18:22:27,758 - __main__ - INFO - Configuration loaded from config/config.yaml
2026-03-12 18:22:27,759 - __main__ - INFO - Hyperlapse Fire Mapping System initialized
2026-03-12 18:22:27,760 - __main__ - INFO - Analyzing hyperlapse folder: examples/sample_hyperlapse
2026-03-12 18:22:27,760 - __main__ - INFO - Extracting telemetry from images...
2026-03-12 18:22:27,760 - src.visualization.telemetry - INFO - PIL/Pillow available for EXIF extraction
2026-03-12 18:22:27,762 - src.visualization.telemetry - INFO - Loaded 40 images from examples\sample_hyperlapse
2026-03-12 18:22:27,763 - src.visualization.telemetry - INFO - Extracting telemetry from 40 images...
2026-03-12 18:22:27,865 - src.visualization.telemetry - INFO - Extracted telemetry from 40 images
2026-03-12 18:22:27,865 - __main__ - INFO - Successfully extracted telemetry from 40 images
2026-03-12 18:22:27,865 - __main__ - INFO - Flight bounds: N=46.814797, S=46.813897, E=-71.207847, W=-71.207997
2026-03-12 18:22:27,866 - __main__ - INFO - Altitude range: 48.3m - 52.4m
2026-03-12 18:22:27,866 - __main__ - INFO - Generating trajectory maps...
2026-03-12 18:22:27,934 - src.visualization.viewer - INFO - Trajectory map saved to data/outputs/trajectory_map.html
2026-03-12 18:22:28,357 - src.visualization.viewer - INFO - Altitude profile saved to data/outputs/altitude_profile.png
2026-03-12 18:22:28,357 - __main__ - INFO - Generating interactive video viewer...
2026-03-12 18:22:28,362 - src.visualization.viewer - INFO - Interactive video viewer saved to data/outputs/hyperlapse_viewer.html
2026-03-12 18:22:28,500 - __main__ - INFO - Opened interactive viewer in browser: data/outputs/hyperlapse_viewer.html
2026-03-12 18:22:28,503 - __main__ - INFO - Report saved to data\outputs\flight_report.txt
2026-03-12 18:22:57,855 - __main__ - INFO - Configuration loaded from config/config.yaml
2026-03-12 18:22:57,856 - __main__ - INFO - Hyperlapse Fire Mapping System initialized
2026-03-12 18:22:57,856 - __main__ - INFO - Analyzing hyperlapse folder: examples/sample_hyperlapse
2026-03-12 18:22:57,859 - __main__ - INFO - Extracting telemetry from images...
2026-03-12 18:22:57,861 - src.visualization.telemetry - INFO - PIL/Pillow available for EXIF extraction
2026-03-12 18:22:57,866 - src.visualization.telemetry - INFO - Loaded 40 images from examples\sample_hyperlapse
2026-03-12 18:22:57,866 - src.visualization.telemetry - INFO - Extracting telemetry from 40 images...
2026-03-12 18:22:57,940 - src.visualization.telemetry - INFO - Extracted telemetry from 40 images
2026-03-12 18:22:57,940 - __main__ - INFO - Successfully extracted telemetry from 40 images
2026-03-12 18:22:57,941 - __main__ - INFO - Flight bounds: N=46.814797, S=46.813897, E=-71.207847, W=-71.207997
2026-03-12 18:22:57,941 - __main__ - INFO - Altitude range: 48.3m - 52.4m
2026-03-12 18:22:57,942 - __main__ - INFO - Generating trajectory maps...
2026-03-12 18:22:58,071 - src.visualization.viewer - INFO - Trajectory map saved to data/outputs/trajectory_map.html
2026-03-12 18:22:58,743 - src.visualization.viewer - INFO - Altitude profile saved to data/outputs/altitude_profile.png
2026-03-12 18:22:58,743 - __main__ - INFO - Generating interactive video viewer...
2026-03-12 18:22:58,747 - src.visualization.viewer - INFO - Interactive video viewer saved to data/outputs/hyperlapse_viewer.html
2026-03-12 18:22:58,979 - __main__ - INFO - Opened interactive viewer in browser: data/outputs/hyperlapse_viewer.html
2026-03-12 18:22:58,982 - __main__ - INFO - Report saved to data\outputs\flight_report.txt
2026-03-12 18:23:29,660 - __main__ - INFO - Configuration loaded from config/config.yaml
2026-03-12 18:23:29,660 - __main__ - INFO - Hyperlapse Fire Mapping System initialized
2026-03-12 18:23:29,661 - __main__ - INFO - Analyzing hyperlapse folder: examples/sample_hyperlapse
2026-03-12 18:23:29,661 - __main__ - INFO - Extracting telemetry from images...
2026-03-12 18:23:29,661 - src.visualization.telemetry - INFO - PIL/Pillow available for EXIF extraction
2026-03-12 18:23:29,662 - src.visualization.telemetry - INFO - Loaded 40 images from examples\sample_hyperlapse
2026-03-12 18:23:29,662 - src.visualization.telemetry - INFO - Extracting telemetry from 40 images...
2026-03-12 18:23:29,701 - src.visualization.telemetry - INFO - Extracted telemetry from 40 images
2026-03-12 18:23:29,702 - __main__ - INFO - Successfully extracted telemetry from 40 images
2026-03-12 18:23:29,702 - __main__ - INFO - Flight bounds: N=46.814797, S=46.813897, E=-71.207847, W=-71.207997
2026-03-12 18:23:29,702 - __main__ - INFO - Altitude range: 48.3m - 52.4m
2026-03-12 18:23:29,703 - __main__ - INFO - Generating trajectory maps...
2026-03-12 18:23:29,775 - src.visualization.viewer - INFO - Trajectory map saved to data/outputs/trajectory_map.html
2026-03-12 18:23:30,332 - src.visualization.viewer - INFO - Altitude profile saved to data/outputs/altitude_profile.png
2026-03-12 18:23:30,332 - __main__ - INFO - Generating interactive video viewer...
2026-03-12 18:23:30,336 - src.visualization.viewer - INFO - Interactive video viewer saved to data/outputs/hyperlapse_viewer.html
2026-03-12 18:23:30,598 - __main__ - INFO - Opened interactive viewer in browser: data/outputs/hyperlapse_viewer.html
2026-03-12 18:23:30,601 - __main__ - INFO - Report saved to data\outputs\flight_report.txt
2026-03-12 18:25:01,532 - __main__ - INFO - Configuration loaded from config/config.yaml
2026-03-12 18:25:01,532 - __main__ - INFO - Hyperlapse Fire Mapping System initialized
2026-03-12 18:25:01,533 - __main__ - INFO - Analyzing hyperlapse folder: examples/sample_hyperlapse
2026-03-12 18:25:01,533 - __main__ - INFO - Extracting telemetry from images...
2026-03-12 18:25:01,533 - src.visualization.telemetry - INFO - PIL/Pillow available for EXIF extraction
2026-03-12 18:25:01,535 - src.visualization.telemetry - INFO - Loaded 40 images from examples\sample_hyperlapse
2026-03-12 18:25:01,536 - src.visualization.telemetry - INFO - Extracting telemetry from 40 images...
2026-03-12 18:25:01,598 - src.visualization.telemetry - INFO - Extracted telemetry from 40 images
2026-03-12 18:25:01,598 - __main__ - INFO - Successfully extracted telemetry from 40 images
2026-03-12 18:25:01,599 - __main__ - INFO - Flight bounds: N=46.814797, S=46.813897, E=-71.207847, W=-71.207997
2026-03-12 18:25:01,599 - __main__ - INFO - Altitude range: 48.3m - 52.4m
2026-03-12 18:25:01,601 - __main__ - INFO - Generating trajectory maps...
2026-03-12 18:25:01,678 - src.visualization.viewer - INFO - Trajectory map saved to data/outputs/03-12-2026_18-25/trajectory_map.html
2026-03-12 18:25:02,172 - src.visualization.viewer - INFO - Altitude profile saved to data/outputs/03-12-2026_18-25/altitude_profile.png
2026-03-12 18:25:02,172 - __main__ - INFO - Generating interactive video viewer...
2026-03-12 18:25:02,176 - src.visualization.viewer - INFO - Interactive video viewer saved to data/outputs/03-12-2026_18-25/hyperlapse_viewer.html
2026-03-12 18:25:02,348 - __main__ - INFO - Opened interactive viewer in browser: data/outputs/03-12-2026_18-25/hyperlapse_viewer.html
2026-03-12 18:25:02,350 - __main__ - INFO - Report saved to data\outputs\03-12-2026_18-25\flight_report.txt
2026-03-12 18:25:33,188 - __main__ - INFO - Configuration loaded from config/config.yaml
2026-03-12 18:25:33,189 - __main__ - INFO - Hyperlapse Fire Mapping System initialized
2026-03-12 18:25:33,189 - __main__ - INFO - Analyzing hyperlapse folder: examples/sample_hyperlapse
2026-03-12 18:25:33,189 - __main__ - INFO - Extracting telemetry from images...
2026-03-12 18:25:33,190 - src.visualization.telemetry - INFO - PIL/Pillow available for EXIF extraction
2026-03-12 18:25:33,191 - src.visualization.telemetry - INFO - Loaded 40 images from examples\sample_hyperlapse
2026-03-12 18:25:33,191 - src.visualization.telemetry - INFO - Extracting telemetry from 40 images...
2026-03-12 18:25:33,827 - src.visualization.telemetry - INFO - Extracted telemetry from 40 images
2026-03-12 18:25:33,827 - __main__ - INFO - Successfully extracted telemetry from 40 images
2026-03-12 18:25:33,828 - __main__ - INFO - Flight bounds: N=46.814797, S=46.813897, E=-71.207847, W=-71.207997
2026-03-12 18:25:33,828 - __main__ - INFO - Altitude range: 48.3m - 52.4m
2026-03-12 18:25:33,829 - __main__ - INFO - Generating trajectory maps...
2026-03-12 18:25:33,892 - src.visualization.viewer - INFO - Trajectory map saved to data/outputs/03-12-2026_18-25/trajectory_map.html
2026-03-12 18:25:34,722 - src.visualization.viewer - INFO - Altitude profile saved to data/outputs/03-12-2026_18-25/altitude_profile.png
2026-03-12 18:25:34,723 - __main__ - INFO - Generating interactive video viewer...
2026-03-12 18:25:34,730 - src.visualization.viewer - INFO - Interactive video viewer saved to data/outputs/03-12-2026_18-25/hyperlapse_viewer.html
2026-03-12 18:25:35,983 - __main__ - INFO - Opened interactive viewer in browser: data/outputs/03-12-2026_18-25/hyperlapse_viewer.html
2026-03-12 18:25:35,988 - __main__ - INFO - Report saved to data\outputs\03-12-2026_18-25\flight_report.txt
2026-03-12 18:28:40,699 - __main__ - INFO - Configuration loaded from config/config.yaml
2026-03-12 18:28:40,699 - __main__ - INFO - Hyperlapse Fire Mapping System initialized
2026-03-12 18:28:40,699 - __main__ - INFO - Analyzing hyperlapse folder: examples/sample_hyperlapse
2026-03-12 18:28:40,700 - __main__ - INFO - Extracting telemetry from images...
2026-03-12 18:28:40,700 - src.visualization.telemetry - INFO - PIL/Pillow available for EXIF extraction
2026-03-12 18:28:40,701 - src.visualization.telemetry - INFO - Loaded 40 images from examples\sample_hyperlapse
2026-03-12 18:28:40,702 - src.visualization.telemetry - INFO - Extracting telemetry from 40 images...
2026-03-12 18:28:40,744 - src.visualization.telemetry - INFO - Extracted telemetry from 40 images
2026-03-12 18:28:40,744 - __main__ - INFO - Successfully extracted telemetry from 40 images
2026-03-12 18:28:40,744 - __main__ - INFO - Flight bounds: N=46.814797, S=46.813897, E=-71.207847, W=-71.207997
2026-03-12 18:28:40,745 - __main__ - INFO - Altitude range: 48.3m - 52.4m
2026-03-12 18:28:40,746 - __main__ - INFO - Generating trajectory maps...
2026-03-12 18:28:40,811 - src.visualization.viewer - INFO - Trajectory map saved to data/outputs/03-12-2026_18-28/trajectory_map.html
2026-03-12 18:28:41,322 - src.visualization.viewer - INFO - Altitude profile saved to data/outputs/03-12-2026_18-28/altitude_profile.png
2026-03-12 18:28:41,324 - __main__ - INFO - Generating interactive video viewer...
2026-03-12 18:28:41,541 - src.visualization.viewer - INFO - Interactive video viewer saved to data/outputs/03-12-2026_18-28/hyperlapse_viewer.html
2026-03-12 18:28:41,543 - __main__ - INFO - Report saved to data\outputs\03-12-2026_18-28\flight_report.txt
